<?xml version="1.0" encoding="UTF-8"?>
<!-- Generated by org.testng.reporters.JUnitXMLReporter -->
<testsuite ignored="0" hostname="LAPTOP-7DJ18U3D" failures="0" tests="6" name="Test" time="0.087" errors="0" timestamp="24 Jul 2020 10:41:51 GMT">
  <testcase classname="SWETA.MAVENSWETA.RestAPITest" name="FacebookAutomation" time="0.024"/>
  <testcase classname="SWETA.MAVENSWETA.RestAPITest" name="MobileAutomation" time="0.001"/>
  <testcase classname="SWETA.MAVENSWETA.AppiumTest" name="ElementUI" time="0.001"/>
  <testcase classname="SWETA.MAVENSWETA.AppiumTest" name="MunuTesting" time="0.0"/>
  <testcase classname="SWETA.MAVENSWETA.SeleniumTest" name="Android" time="0.001"/>
  <testcase classname="SWETA.MAVENSWETA.SeleniumTest" name="BrowserAutomation" time="0.0"/>
</testsuite> <!-- Test -->
