<?xml version="1.0" encoding="UTF-8"?>
<testng-results ignored="0" total="6" passed="6" failed="0" skipped="0">
  <reporter-output>
  </reporter-output>
  <suite started-at="2020-07-24T10:41:51Z" name="Suite" finished-at="2020-07-24T10:41:51Z" duration-ms="87">
    <groups>
    </groups>
    <test started-at="2020-07-24T10:41:51Z" name="Test" finished-at="2020-07-24T10:41:51Z" duration-ms="87">
      <class name="SWETA.MAVENSWETA.SeleniumTest">
        <test-method signature="Android()[pri:0, instance:SWETA.MAVENSWETA.SeleniumTest@3e44f2a5]" started-at="2020-07-24T10:41:51Z" name="Android" finished-at="2020-07-24T10:41:51Z" duration-ms="1" status="PASS">
          <reporter-output>
          </reporter-output>
        </test-method> <!-- Android -->
        <test-method signature="BrowserAutomation()[pri:0, instance:SWETA.MAVENSWETA.SeleniumTest@3e44f2a5]" started-at="2020-07-24T10:41:51Z" name="BrowserAutomation" finished-at="2020-07-24T10:41:51Z" duration-ms="0" status="PASS">
          <reporter-output>
          </reporter-output>
        </test-method> <!-- BrowserAutomation -->
      </class> <!-- SWETA.MAVENSWETA.SeleniumTest -->
      <class name="SWETA.MAVENSWETA.AppiumTest">
        <test-method signature="ElementUI()[pri:0, instance:SWETA.MAVENSWETA.AppiumTest@748741cb]" started-at="2020-07-24T10:41:51Z" name="ElementUI" finished-at="2020-07-24T10:41:51Z" duration-ms="1" status="PASS">
          <reporter-output>
          </reporter-output>
        </test-method> <!-- ElementUI -->
        <test-method signature="MunuTesting()[pri:0, instance:SWETA.MAVENSWETA.AppiumTest@748741cb]" started-at="2020-07-24T10:41:51Z" name="MunuTesting" finished-at="2020-07-24T10:41:51Z" duration-ms="0" status="PASS">
          <reporter-output>
          </reporter-output>
        </test-method> <!-- MunuTesting -->
      </class> <!-- SWETA.MAVENSWETA.AppiumTest -->
      <class name="SWETA.MAVENSWETA.RestAPITest">
        <test-method signature="FacebookAutomation()[pri:0, instance:SWETA.MAVENSWETA.RestAPITest@2e32ccc5]" started-at="2020-07-24T10:41:51Z" name="FacebookAutomation" finished-at="2020-07-24T10:41:51Z" duration-ms="24" status="PASS">
          <reporter-output>
          </reporter-output>
        </test-method> <!-- FacebookAutomation -->
        <test-method signature="MobileAutomation()[pri:0, instance:SWETA.MAVENSWETA.RestAPITest@2e32ccc5]" started-at="2020-07-24T10:41:51Z" name="MobileAutomation" finished-at="2020-07-24T10:41:51Z" duration-ms="1" status="PASS">
          <reporter-output>
          </reporter-output>
        </test-method> <!-- MobileAutomation -->
      </class> <!-- SWETA.MAVENSWETA.RestAPITest -->
    </test> <!-- Test -->
  </suite> <!-- Suite -->
</testng-results>
